<?xml version="1.0" encoding="UTF-8"?>
<!-- Generated by org.testng.reporters.JUnitXMLReporter -->
<testsuite hostname="TYSS-4F-048" name="Test" tests="1" failures="1" timestamp="2 Mar 2018 13:29:54 GMT" time="10.798" errors="0">
  <testcase name="verifyLinks" time="2.428" classname="testScripts.ValidLinks">
    <failure type="java.lang.AssertionError" message="null">
      <![CDATA[java.lang.AssertionError: null
	at testScripts.ValidLinks.verifyLinks(ValidLinks.java:17)
... Removed 26 stack frames]]>
    </failure>
  </testcase> <!-- verifyLinks -->
</testsuite> <!-- Test -->
